<?xml version="1.0" encoding="UTF-8"?>
<!-- Generated by org.testng.reporters.JUnitReportReporter -->
<testsuite skipped="0" hostname="DESKTOP-IE18BQ0" name="testCases.TC_AddNewUser002" tests="1" failures="0" timestamp="2021-12-31T13:17:16 IST" time="5.343" errors="0">
  <testcase name="AddingCustomers" time="5.343" classname="testCases.TC_AddNewUser002"/>
  <system-out/>
</testsuite> <!-- testCases.TC_AddNewUser002 -->
