<?xml version="1.0" encoding="UTF-8"?>
<!-- Generated by org.testng.reporters.JUnitReportReporter -->
<testsuite skipped="0" hostname="DESKTOP-IE18BQ0" name="testCases.TC_LoginTest_001" tests="1" failures="0" timestamp="2021-12-31T13:17:16 IST" time="2.029" errors="0">
  <testcase name="loginTest" time="2.029" classname="testCases.TC_LoginTest_001"/>
  <system-out/>
</testsuite> <!-- testCases.TC_LoginTest_001 -->
