<?xml version="1.0" encoding="UTF-8"?>
<!-- Generated by org.testng.reporters.JUnitReportReporter -->
<testsuite hostname="DESKTOP-IE18BQ0" failures="0" tests="1" name="testCases.TC_LoginTest_001" time="2.171" errors="0" timestamp="2022-01-02T12:20:29 IST" skipped="0">
  <testcase classname="testCases.TC_LoginTest_001" name="loginTest" time="2.171"/>
  <system-out/>
</testsuite> <!-- testCases.TC_LoginTest_001 -->
